<dependencies>
    <!-- Dependencies that were used to write tests case and then replace with stubs. -->

    <dependency>
        <groupId>javax.servlet</groupId>
        <artifactId>servlet-api</artifactId>
        <scope>test</scope>
    </dependency>

    <dependency>
        <groupId>javax.ws.rs</groupId>
        <artifactId>jsr311-api</artifactId>
        <scope>test</scope>
    </dependency>

    <dependency>
        <groupId>javax.xml</groupId>
        <artifactId>jaxws-api</artifactId>
        <scope>test</scope>
    </dependency>


    <dependency>
        <groupId>commons-fileupload</groupId>
        <artifactId>commons-fileupload</artifactId>
        <scope>test</scope>
    </dependency>

    <!-- Various web framework -->

    <dependency>
        <groupId>org.apache.wicket</groupId>
        <artifactId>wicket-core</artifactId>
        <scope>test</scope>
    </dependency>

    <dependency>
        <groupId>org.apache.tapestry</groupId>
        <artifactId>tapestry-core</artifactId>
        <scope>test</scope>
        <exclusions> <!-- Many transversal dependencies are not needed -->
            <exclusion>
                <groupId>org.apache.tapestry</groupId>
                <artifactId>tapestry-ioc</artifactId>
            </exclusion>
            <exclusion>
                <groupId>org.antlr</groupId>
                <artifactId>antlr-runtime</artifactId>
            </exclusion>
            <exclusion>
                <groupId>org.apache.tapestry</groupId>
                <artifactId>tapestry-json</artifactId>
            </exclusion>
            <exclusion>
                <groupId>commons-codec</groupId>
                <artifactId>commons-codec</artifactId>
            </exclusion>
        </exclusions>
    </dependency>


    <dependency>
        <groupId>commons-codec</groupId>
        <artifactId>commons-codec</artifactId>
        <version>1.3</version>
    </dependency>

    <dependency>
        <groupId>org.springframework</groupId>
        <artifactId>spring-web</artifactId>
        <scope>test</scope>
        <exclusions>
            <exclusion>
                <groupId>aopalliance</groupId>
                <artifactId>aopalliance</artifactId>
            </exclusion>
            <exclusion>
                <groupId>org.springframework</groupId>
                <artifactId>spring-beans</artifactId>
            </exclusion>
            <!--<exclusion>
                <groupId>org.springframework</groupId>
                <artifactId>spring-core</artifactId>
            </exclusion>-->
        </exclusions>
    </dependency>

    <dependency>
        <groupId>struts</groupId>
        <artifactId>struts</artifactId>
        <scope>test</scope>
        <exclusions>
            <exclusion>
                <groupId>commons-beanutils</groupId>
                <artifactId>commons-beanutils</artifactId>
            </exclusion>
            <exclusion>
                <groupId>commons-digester</groupId>
                <artifactId>commons-digester</artifactId>
            </exclusion>
            <exclusion>
                <groupId>commons-logging</groupId>
                <artifactId>commons-logging</artifactId>
            </exclusion>
            <exclusion>
                <groupId>commons-validator</groupId>
                <artifactId>commons-validator</artifactId>
            </exclusion>
            <exclusion>
                <groupId>oro</groupId>
                <artifactId>oro</artifactId>
            </exclusion>
            <exclusion>
                <groupId>antlr</groupId>
                <artifactId>antlr</artifactId>
            </exclusion>
        </exclusions>
    </dependency>


    <!-- SQL API -->

    <dependency>
        <groupId>org.hibernate</groupId>
        <artifactId>hibernate-core</artifactId>
        <scope>test</scope>
    </dependency>


    <dependency>
        <groupId>javax.jdo</groupId>
        <artifactId>jdo2-api</artifactId>
        <version>2.3-eb</version>
        <scope>test</scope>
    </dependency>

    <!-- Hazelcast -->
    <dependency>
        <groupId>com.hazelcast</groupId>
        <artifactId>hazelcast</artifactId>
        <scope>test</scope>
    </dependency>

    <!-- Bouncy Castle Provider -->
    <dependency>
        <groupId>org.bouncycastle</groupId>
        <artifactId>bcprov-jdk16</artifactId>
        <scope>test</scope>
    </dependency>

    <!-- OWASP ESAPI -->
    <dependency>
        <groupId>org.owasp.esapi</groupId>
        <artifactId>esapi</artifactId>
        <version>2.0.1</version>
        <scope>test</scope>
    </dependency>

    <dependency>
        <groupId>com.unboundid</groupId>
        <artifactId>unboundid-ldapsdk</artifactId>
        <version>1.1.3</version>
    </dependency>


    <dependency>
        <groupId>org.springframework</groupId>
        <artifactId>spring-expression</artifactId>
        <version>4.1.0.RELEASE</version>
    </dependency>


    <!-- Used for security filter -->

    <dependency>
        <groupId>org.acegisecurity</groupId>
        <artifactId>acegi-security</artifactId>
        <version>1.0.7</version>
    </dependency>

    <dependency>
        <groupId>org.springframework.security</groupId>
        <artifactId>spring-security-web</artifactId>
        <version>4.0.0.RELEASE</version>
    </dependency>

    <dependency> 
        <groupId>org.springframework</groupId>
        <artifactId>spring-jdbc</artifactId>
        <version>4.2.0.RELEASE</version>
        <scope>test</scope>
    </dependency>

    <dependency>
        <groupId>javax.mail</groupId>
        <artifactId>mail</artifactId>
        <version>1.4.7</version>
        <scope>test</scope>
    </dependency>

</dependencies>